[2025-12-07T23:05:20.872+0000] {taskinstance.py:1159} INFO - Dependencies all met for dep_context=non-requeueable deps ti=<TaskInstance: parent_s3_file_monitor_dag.trigger_s3_to_redis_dag manual__2025-12-07T23:04:28.923185+00:00 [queued]>
[2025-12-07T23:05:20.901+0000] {taskinstance.py:1159} INFO - Dependencies all met for dep_context=requeueable deps ti=<TaskInstance: parent_s3_file_monitor_dag.trigger_s3_to_redis_dag manual__2025-12-07T23:04:28.923185+00:00 [queued]>
[2025-12-07T23:05:20.902+0000] {taskinstance.py:1361} INFO - Starting attempt 1 of 2
[2025-12-07T23:05:20.936+0000] {taskinstance.py:1382} INFO - Executing <Task(TriggerDagRunOperator): trigger_s3_to_redis_dag> on 2025-12-07 23:04:28.923185+00:00
[2025-12-07T23:05:20.950+0000] {standard_task_runner.py:57} INFO - Started process 3257 to run task
[2025-12-07T23:05:20.964+0000] {standard_task_runner.py:84} INFO - Running: ['***', 'tasks', 'run', 'parent_s3_file_monitor_dag', 'trigger_s3_to_redis_dag', 'manual__2025-12-07T23:04:28.923185+00:00', '--job-id', '40', '--raw', '--subdir', 'DAGS_FOLDER/parent_s3_file_monitor_dag.py', '--cfg-path', '/tmp/tmpg59qdo8u']
[2025-12-07T23:05:20.977+0000] {standard_task_runner.py:85} INFO - Job 40: Subtask trigger_s3_to_redis_dag
[2025-12-07T23:05:21.059+0000] {logging_mixin.py:154} WARNING - /home/***/.local/lib/python3.11/site-packages/***/settings.py:195 DeprecationWarning: The sql_alchemy_conn option in [core] has been moved to the sql_alchemy_conn option in [database] - the old setting has been used, but please update your config.
[2025-12-07T23:05:21.263+0000] {task_command.py:416} INFO - Running <TaskInstance: parent_s3_file_monitor_dag.trigger_s3_to_redis_dag manual__2025-12-07T23:04:28.923185+00:00 [running]> on host 0f9d3bc81df5
[2025-12-07T23:05:21.680+0000] {taskinstance.py:1662} INFO - Exporting env vars: AIRFLOW_CTX_DAG_EMAIL='harish.techlance@gmail.com' AIRFLOW_CTX_DAG_OWNER='***' AIRFLOW_CTX_DAG_ID='parent_s3_file_monitor_dag' AIRFLOW_CTX_TASK_ID='trigger_s3_to_redis_dag' AIRFLOW_CTX_EXECUTION_DATE='2025-12-07T23:04:28.923185+00:00' AIRFLOW_CTX_TRY_NUMBER='1' AIRFLOW_CTX_DAG_RUN_ID='manual__2025-12-07T23:04:28.923185+00:00'
[2025-12-07T23:05:22.126+0000] {trigger_dagrun.py:209} INFO - Waiting for s3_to_redis_data_pipeline on 2025-12-07T23:05:21.681925+00:00 to become allowed state ['success'] ...
[2025-12-07T23:05:32.184+0000] {trigger_dagrun.py:209} INFO - Waiting for s3_to_redis_data_pipeline on 2025-12-07T23:05:21.681925+00:00 to become allowed state ['success'] ...
[2025-12-07T23:05:42.241+0000] {trigger_dagrun.py:209} INFO - Waiting for s3_to_redis_data_pipeline on 2025-12-07T23:05:21.681925+00:00 to become allowed state ['success'] ...
[2025-12-07T23:05:52.297+0000] {trigger_dagrun.py:209} INFO - Waiting for s3_to_redis_data_pipeline on 2025-12-07T23:05:21.681925+00:00 to become allowed state ['success'] ...
[2025-12-07T23:06:02.354+0000] {trigger_dagrun.py:209} INFO - Waiting for s3_to_redis_data_pipeline on 2025-12-07T23:05:21.681925+00:00 to become allowed state ['success'] ...
[2025-12-07T23:06:12.403+0000] {trigger_dagrun.py:209} INFO - Waiting for s3_to_redis_data_pipeline on 2025-12-07T23:05:21.681925+00:00 to become allowed state ['success'] ...
[2025-12-07T23:06:22.459+0000] {trigger_dagrun.py:209} INFO - Waiting for s3_to_redis_data_pipeline on 2025-12-07T23:05:21.681925+00:00 to become allowed state ['success'] ...
[2025-12-07T23:06:32.515+0000] {trigger_dagrun.py:209} INFO - Waiting for s3_to_redis_data_pipeline on 2025-12-07T23:05:21.681925+00:00 to become allowed state ['success'] ...
[2025-12-07T23:06:42.572+0000] {trigger_dagrun.py:209} INFO - Waiting for s3_to_redis_data_pipeline on 2025-12-07T23:05:21.681925+00:00 to become allowed state ['success'] ...
[2025-12-07T23:06:52.628+0000] {trigger_dagrun.py:209} INFO - Waiting for s3_to_redis_data_pipeline on 2025-12-07T23:05:21.681925+00:00 to become allowed state ['success'] ...
[2025-12-07T23:07:02.686+0000] {trigger_dagrun.py:209} INFO - Waiting for s3_to_redis_data_pipeline on 2025-12-07T23:05:21.681925+00:00 to become allowed state ['success'] ...
[2025-12-07T23:07:12.742+0000] {trigger_dagrun.py:209} INFO - Waiting for s3_to_redis_data_pipeline on 2025-12-07T23:05:21.681925+00:00 to become allowed state ['success'] ...
[2025-12-07T23:07:22.799+0000] {trigger_dagrun.py:209} INFO - Waiting for s3_to_redis_data_pipeline on 2025-12-07T23:05:21.681925+00:00 to become allowed state ['success'] ...
[2025-12-07T23:07:32.855+0000] {trigger_dagrun.py:209} INFO - Waiting for s3_to_redis_data_pipeline on 2025-12-07T23:05:21.681925+00:00 to become allowed state ['success'] ...
[2025-12-07T23:07:42.913+0000] {trigger_dagrun.py:209} INFO - Waiting for s3_to_redis_data_pipeline on 2025-12-07T23:05:21.681925+00:00 to become allowed state ['success'] ...
[2025-12-07T23:07:52.970+0000] {trigger_dagrun.py:209} INFO - Waiting for s3_to_redis_data_pipeline on 2025-12-07T23:05:21.681925+00:00 to become allowed state ['success'] ...
[2025-12-07T23:08:03.027+0000] {trigger_dagrun.py:209} INFO - Waiting for s3_to_redis_data_pipeline on 2025-12-07T23:05:21.681925+00:00 to become allowed state ['success'] ...
[2025-12-07T23:08:13.084+0000] {trigger_dagrun.py:209} INFO - Waiting for s3_to_redis_data_pipeline on 2025-12-07T23:05:21.681925+00:00 to become allowed state ['success'] ...
[2025-12-07T23:08:23.142+0000] {trigger_dagrun.py:209} INFO - Waiting for s3_to_redis_data_pipeline on 2025-12-07T23:05:21.681925+00:00 to become allowed state ['success'] ...
[2025-12-07T23:08:33.198+0000] {trigger_dagrun.py:209} INFO - Waiting for s3_to_redis_data_pipeline on 2025-12-07T23:05:21.681925+00:00 to become allowed state ['success'] ...
[2025-12-07T23:08:43.319+0000] {taskinstance.py:1937} ERROR - Task failed with exception
Traceback (most recent call last):
  File "/home/airflow/.local/lib/python3.11/site-packages/airflow/operators/trigger_dagrun.py", line 220, in execute
    raise AirflowException(f"{self.trigger_dag_id} failed with failed states {state}")
airflow.exceptions.AirflowException: s3_to_redis_data_pipeline failed with failed states failed
[2025-12-07T23:08:43.329+0000] {taskinstance.py:1400} INFO - Marking task as UP_FOR_RETRY. dag_id=parent_s3_file_monitor_dag, task_id=trigger_s3_to_redis_dag, execution_date=20251207T230428, start_date=20251207T230520, end_date=20251207T230843
[2025-12-07T23:08:43.372+0000] {standard_task_runner.py:104} ERROR - Failed to execute job 40 for task trigger_s3_to_redis_dag (s3_to_redis_data_pipeline failed with failed states failed; 3257)
[2025-12-07T23:08:43.395+0000] {local_task_job_runner.py:228} INFO - Task exited with return code 1
[2025-12-07T23:08:43.523+0000] {taskinstance.py:2778} INFO - 0 downstream tasks scheduled from follow-on schedule check
