[2025-12-07T23:14:36.613+0000] {taskinstance.py:1159} INFO - Dependencies all met for dep_context=non-requeueable deps ti=<TaskInstance: s3_to_redis_data_pipeline.s3_to_redis_group.load_csv_to_redis_table manual__2025-12-07T23:14:25.904765+00:00 [queued]>
[2025-12-07T23:14:36.628+0000] {taskinstance.py:1159} INFO - Dependencies all met for dep_context=requeueable deps ti=<TaskInstance: s3_to_redis_data_pipeline.s3_to_redis_group.load_csv_to_redis_table manual__2025-12-07T23:14:25.904765+00:00 [queued]>
[2025-12-07T23:14:36.628+0000] {taskinstance.py:1361} INFO - Starting attempt 1 of 2
[2025-12-07T23:14:36.648+0000] {taskinstance.py:1382} INFO - Executing <Task(PythonOperator): s3_to_redis_group.load_csv_to_redis_table> on 2025-12-07 23:14:25.904765+00:00
[2025-12-07T23:14:36.659+0000] {standard_task_runner.py:57} INFO - Started process 3653 to run task
[2025-12-07T23:14:36.668+0000] {standard_task_runner.py:84} INFO - Running: ['***', 'tasks', 'run', 's3_to_redis_data_pipeline', 's3_to_redis_group.load_csv_to_redis_table', 'manual__2025-12-07T23:14:25.904765+00:00', '--job-id', '76', '--raw', '--subdir', 'DAGS_FOLDER/s3_to_redis_dag.py', '--cfg-path', '/tmp/tmp0war30i4']
[2025-12-07T23:14:36.676+0000] {standard_task_runner.py:85} INFO - Job 76: Subtask s3_to_redis_group.load_csv_to_redis_table
[2025-12-07T23:14:36.725+0000] {logging_mixin.py:154} WARNING - /home/***/.local/lib/python3.11/site-packages/***/settings.py:195 DeprecationWarning: The sql_alchemy_conn option in [core] has been moved to the sql_alchemy_conn option in [database] - the old setting has been used, but please update your config.
[2025-12-07T23:14:36.879+0000] {task_command.py:416} INFO - Running <TaskInstance: s3_to_redis_data_pipeline.s3_to_redis_group.load_csv_to_redis_table manual__2025-12-07T23:14:25.904765+00:00 [running]> on host 0f9d3bc81df5
[2025-12-07T23:14:37.311+0000] {taskinstance.py:1662} INFO - Exporting env vars: AIRFLOW_CTX_DAG_EMAIL='harish.techlance@gmail.com' AIRFLOW_CTX_DAG_OWNER='***' AIRFLOW_CTX_DAG_ID='s3_to_redis_data_pipeline' AIRFLOW_CTX_TASK_ID='s3_to_redis_group.load_csv_to_redis_table' AIRFLOW_CTX_EXECUTION_DATE='2025-12-07T23:14:25.904765+00:00' AIRFLOW_CTX_TRY_NUMBER='1' AIRFLOW_CTX_DAG_RUN_ID='manual__2025-12-07T23:14:25.904765+00:00'
[2025-12-07T23:14:37.372+0000] {base.py:73} INFO - Using connection ID 'aws_default_conn_id' for task execution.
[2025-12-07T23:14:37.374+0000] {connection_wrapper.py:378} INFO - AWS Connection (conn_id='aws_default_conn_id', conn_type='aws') credentials retrieved from login and password.
[2025-12-07T23:14:38.160+0000] {logging_mixin.py:154} INFO - Read 3 rows from S3 CSV
[2025-12-07T23:14:38.214+0000] {base.py:73} INFO - Using connection ID 'redis_postgres_conn_id' for task execution.
[2025-12-07T23:14:38.577+0000] {sql.py:418} INFO - Running statement: 
        INSERT INTO redis_data (City, State, Zip, Census_2020)
        VALUES ('Tampa', 'Florida', 33558, 43434322);
        , parameters: None
[2025-12-07T23:14:38.657+0000] {sql.py:427} INFO - Rows affected: 1
[2025-12-07T23:14:38.748+0000] {base.py:73} INFO - Using connection ID 'redis_postgres_conn_id' for task execution.
[2025-12-07T23:14:39.074+0000] {sql.py:418} INFO - Running statement: 
        INSERT INTO redis_data (City, State, Zip, Census_2020)
        VALUES ('Houston', 'Texas', 30716, 803842434);
        , parameters: None
[2025-12-07T23:14:39.152+0000] {sql.py:427} INFO - Rows affected: 1
[2025-12-07T23:14:39.245+0000] {base.py:73} INFO - Using connection ID 'redis_postgres_conn_id' for task execution.
[2025-12-07T23:14:39.553+0000] {sql.py:418} INFO - Running statement: 
        INSERT INTO redis_data (City, State, Zip, Census_2020)
        VALUES ('Atlanta', 'Georgia', 34232, 7644565);
        , parameters: None
[2025-12-07T23:14:39.628+0000] {sql.py:427} INFO - Rows affected: 1
[2025-12-07T23:14:39.666+0000] {logging_mixin.py:154} INFO - Successfully loaded 3 rows into redis_data table
[2025-12-07T23:14:39.666+0000] {python.py:194} INFO - Done. Returned value was: None
[2025-12-07T23:14:39.729+0000] {taskinstance.py:1400} INFO - Marking task as SUCCESS. dag_id=s3_to_redis_data_pipeline, task_id=s3_to_redis_group.load_csv_to_redis_table, execution_date=20251207T231425, start_date=20251207T231436, end_date=20251207T231439
[2025-12-07T23:14:39.814+0000] {local_task_job_runner.py:228} INFO - Task exited with return code 0
[2025-12-07T23:14:39.901+0000] {taskinstance.py:2778} INFO - 0 downstream tasks scheduled from follow-on schedule check
