[2025-12-07T22:41:42.247+0000] {taskinstance.py:1159} INFO - Dependencies all met for dep_context=non-requeueable deps ti=<TaskInstance: weather_data_pipeline.transform_weather_data manual__2025-12-07T22:41:33.070841+00:00 [queued]>
[2025-12-07T22:41:42.266+0000] {taskinstance.py:1159} INFO - Dependencies all met for dep_context=requeueable deps ti=<TaskInstance: weather_data_pipeline.transform_weather_data manual__2025-12-07T22:41:33.070841+00:00 [queued]>
[2025-12-07T22:41:42.266+0000] {taskinstance.py:1361} INFO - Starting attempt 1 of 2
[2025-12-07T22:41:42.293+0000] {taskinstance.py:1382} INFO - Executing <Task(PythonOperator): transform_weather_data> on 2025-12-07 22:41:33.070841+00:00
[2025-12-07T22:41:42.304+0000] {standard_task_runner.py:57} INFO - Started process 2373 to run task
[2025-12-07T22:41:42.313+0000] {standard_task_runner.py:84} INFO - Running: ['***', 'tasks', 'run', 'weather_data_pipeline', 'transform_weather_data', 'manual__2025-12-07T22:41:33.070841+00:00', '--job-id', '8', '--raw', '--subdir', 'DAGS_FOLDER/weather_dag.py', '--cfg-path', '/tmp/tmpmmbtzgxj']
[2025-12-07T22:41:42.322+0000] {standard_task_runner.py:85} INFO - Job 8: Subtask transform_weather_data
[2025-12-07T22:41:42.380+0000] {logging_mixin.py:154} WARNING - /home/***/.local/lib/python3.11/site-packages/***/settings.py:195 DeprecationWarning: The sql_alchemy_conn option in [core] has been moved to the sql_alchemy_conn option in [database] - the old setting has been used, but please update your config.
[2025-12-07T22:41:42.561+0000] {task_command.py:416} INFO - Running <TaskInstance: weather_data_pipeline.transform_weather_data manual__2025-12-07T22:41:33.070841+00:00 [running]> on host 0f9d3bc81df5
[2025-12-07T22:41:42.971+0000] {taskinstance.py:1662} INFO - Exporting env vars: AIRFLOW_CTX_DAG_EMAIL='harish.techlance@gmail.com' AIRFLOW_CTX_DAG_OWNER='***' AIRFLOW_CTX_DAG_ID='weather_data_pipeline' AIRFLOW_CTX_TASK_ID='transform_weather_data' AIRFLOW_CTX_EXECUTION_DATE='2025-12-07T22:41:33.070841+00:00' AIRFLOW_CTX_TRY_NUMBER='1' AIRFLOW_CTX_DAG_RUN_ID='manual__2025-12-07T22:41:33.070841+00:00'
[2025-12-07T22:41:43.079+0000] {taskinstance.py:1937} ERROR - Task failed with exception
Traceback (most recent call last):
  File "/home/airflow/.local/lib/python3.11/site-packages/airflow/operators/python.py", line 192, in execute
    return_value = self.execute_callable()
                   ^^^^^^^^^^^^^^^^^^^^^^^
  File "/home/airflow/.local/lib/python3.11/site-packages/airflow/operators/python.py", line 209, in execute_callable
    return self.python_callable(*self.op_args, **self.op_kwargs)
           ^^^^^^^^^^^^^^^^^^^^^^^^^^^^^^^^^^^^^^^^^^^^^^^^^^^^^
  File "/opt/airflow/dags/weather_dag.py", line 38, in transform_weather_data_function
    df_data.to_csv(csv_file_path, index=False)
  File "/home/airflow/.local/lib/python3.11/site-packages/pandas/core/generic.py", line 3902, in to_csv
    return DataFrameRenderer(formatter).to_csv(
           ^^^^^^^^^^^^^^^^^^^^^^^^^^^^^^^^^^^^
  File "/home/airflow/.local/lib/python3.11/site-packages/pandas/io/formats/format.py", line 1152, in to_csv
    csv_formatter.save()
  File "/home/airflow/.local/lib/python3.11/site-packages/pandas/io/formats/csvs.py", line 247, in save
    with get_handle(
         ^^^^^^^^^^^
  File "/home/airflow/.local/lib/python3.11/site-packages/pandas/io/common.py", line 863, in get_handle
    handle = open(
             ^^^^^
PermissionError: [Errno 13] Permission denied: '/opt/airflow/dags/data/weather_data/current_weather_20251207224143.csv'
[2025-12-07T22:41:43.155+0000] {taskinstance.py:1400} INFO - Marking task as UP_FOR_RETRY. dag_id=weather_data_pipeline, task_id=transform_weather_data, execution_date=20251207T224133, start_date=20251207T224142, end_date=20251207T224143
[2025-12-07T22:41:43.198+0000] {standard_task_runner.py:104} ERROR - Failed to execute job 8 for task transform_weather_data ([Errno 13] Permission denied: '/opt/airflow/dags/data/weather_data/current_weather_20251207224143.csv'; 2373)
[2025-12-07T22:41:43.249+0000] {local_task_job_runner.py:228} INFO - Task exited with return code 1
[2025-12-07T22:41:43.380+0000] {taskinstance.py:2778} INFO - 0 downstream tasks scheduled from follow-on schedule check
