[2025-12-07T23:05:14.623+0000] {taskinstance.py:1159} INFO - Dependencies all met for dep_context=non-requeueable deps ti=<TaskInstance: parent_s3_file_monitor_dag.trigger_s3_to_redis_dag scheduled__2025-12-07T23:00:00+00:00 [queued]>
[2025-12-07T23:05:14.652+0000] {taskinstance.py:1159} INFO - Dependencies all met for dep_context=requeueable deps ti=<TaskInstance: parent_s3_file_monitor_dag.trigger_s3_to_redis_dag scheduled__2025-12-07T23:00:00+00:00 [queued]>
[2025-12-07T23:05:14.653+0000] {taskinstance.py:1361} INFO - Starting attempt 1 of 2
[2025-12-07T23:05:14.688+0000] {taskinstance.py:1382} INFO - Executing <Task(TriggerDagRunOperator): trigger_s3_to_redis_dag> on 2025-12-07 23:00:00+00:00
[2025-12-07T23:05:14.701+0000] {standard_task_runner.py:57} INFO - Started process 3253 to run task
[2025-12-07T23:05:14.716+0000] {standard_task_runner.py:84} INFO - Running: ['***', 'tasks', 'run', 'parent_s3_file_monitor_dag', 'trigger_s3_to_redis_dag', 'scheduled__2025-12-07T23:00:00+00:00', '--job-id', '38', '--raw', '--subdir', 'DAGS_FOLDER/parent_s3_file_monitor_dag.py', '--cfg-path', '/tmp/tmpowv2yvfv']
[2025-12-07T23:05:14.729+0000] {standard_task_runner.py:85} INFO - Job 38: Subtask trigger_s3_to_redis_dag
[2025-12-07T23:05:14.810+0000] {logging_mixin.py:154} WARNING - /home/***/.local/lib/python3.11/site-packages/***/settings.py:195 DeprecationWarning: The sql_alchemy_conn option in [core] has been moved to the sql_alchemy_conn option in [database] - the old setting has been used, but please update your config.
[2025-12-07T23:05:15.020+0000] {task_command.py:416} INFO - Running <TaskInstance: parent_s3_file_monitor_dag.trigger_s3_to_redis_dag scheduled__2025-12-07T23:00:00+00:00 [running]> on host 0f9d3bc81df5
[2025-12-07T23:05:15.449+0000] {taskinstance.py:1662} INFO - Exporting env vars: AIRFLOW_CTX_DAG_EMAIL='harish.techlance@gmail.com' AIRFLOW_CTX_DAG_OWNER='***' AIRFLOW_CTX_DAG_ID='parent_s3_file_monitor_dag' AIRFLOW_CTX_TASK_ID='trigger_s3_to_redis_dag' AIRFLOW_CTX_EXECUTION_DATE='2025-12-07T23:00:00+00:00' AIRFLOW_CTX_TRY_NUMBER='1' AIRFLOW_CTX_DAG_RUN_ID='scheduled__2025-12-07T23:00:00+00:00'
[2025-12-07T23:05:15.896+0000] {trigger_dagrun.py:209} INFO - Waiting for s3_to_redis_data_pipeline on 2025-12-07T23:05:15.450789+00:00 to become allowed state ['success'] ...
[2025-12-07T23:05:25.957+0000] {trigger_dagrun.py:209} INFO - Waiting for s3_to_redis_data_pipeline on 2025-12-07T23:05:15.450789+00:00 to become allowed state ['success'] ...
[2025-12-07T23:05:36.009+0000] {trigger_dagrun.py:209} INFO - Waiting for s3_to_redis_data_pipeline on 2025-12-07T23:05:15.450789+00:00 to become allowed state ['success'] ...
[2025-12-07T23:05:46.066+0000] {trigger_dagrun.py:209} INFO - Waiting for s3_to_redis_data_pipeline on 2025-12-07T23:05:15.450789+00:00 to become allowed state ['success'] ...
[2025-12-07T23:05:56.124+0000] {trigger_dagrun.py:209} INFO - Waiting for s3_to_redis_data_pipeline on 2025-12-07T23:05:15.450789+00:00 to become allowed state ['success'] ...
[2025-12-07T23:06:06.180+0000] {trigger_dagrun.py:209} INFO - Waiting for s3_to_redis_data_pipeline on 2025-12-07T23:05:15.450789+00:00 to become allowed state ['success'] ...
[2025-12-07T23:06:16.237+0000] {trigger_dagrun.py:209} INFO - Waiting for s3_to_redis_data_pipeline on 2025-12-07T23:05:15.450789+00:00 to become allowed state ['success'] ...
[2025-12-07T23:06:26.297+0000] {trigger_dagrun.py:209} INFO - Waiting for s3_to_redis_data_pipeline on 2025-12-07T23:05:15.450789+00:00 to become allowed state ['success'] ...
[2025-12-07T23:06:36.353+0000] {trigger_dagrun.py:209} INFO - Waiting for s3_to_redis_data_pipeline on 2025-12-07T23:05:15.450789+00:00 to become allowed state ['success'] ...
[2025-12-07T23:06:46.410+0000] {trigger_dagrun.py:209} INFO - Waiting for s3_to_redis_data_pipeline on 2025-12-07T23:05:15.450789+00:00 to become allowed state ['success'] ...
[2025-12-07T23:06:56.467+0000] {trigger_dagrun.py:209} INFO - Waiting for s3_to_redis_data_pipeline on 2025-12-07T23:05:15.450789+00:00 to become allowed state ['success'] ...
[2025-12-07T23:07:06.526+0000] {trigger_dagrun.py:209} INFO - Waiting for s3_to_redis_data_pipeline on 2025-12-07T23:05:15.450789+00:00 to become allowed state ['success'] ...
[2025-12-07T23:07:16.584+0000] {trigger_dagrun.py:209} INFO - Waiting for s3_to_redis_data_pipeline on 2025-12-07T23:05:15.450789+00:00 to become allowed state ['success'] ...
[2025-12-07T23:07:26.642+0000] {trigger_dagrun.py:209} INFO - Waiting for s3_to_redis_data_pipeline on 2025-12-07T23:05:15.450789+00:00 to become allowed state ['success'] ...
[2025-12-07T23:07:36.702+0000] {trigger_dagrun.py:209} INFO - Waiting for s3_to_redis_data_pipeline on 2025-12-07T23:05:15.450789+00:00 to become allowed state ['success'] ...
[2025-12-07T23:07:46.761+0000] {trigger_dagrun.py:209} INFO - Waiting for s3_to_redis_data_pipeline on 2025-12-07T23:05:15.450789+00:00 to become allowed state ['success'] ...
[2025-12-07T23:07:56.818+0000] {trigger_dagrun.py:209} INFO - Waiting for s3_to_redis_data_pipeline on 2025-12-07T23:05:15.450789+00:00 to become allowed state ['success'] ...
[2025-12-07T23:08:06.876+0000] {trigger_dagrun.py:209} INFO - Waiting for s3_to_redis_data_pipeline on 2025-12-07T23:05:15.450789+00:00 to become allowed state ['success'] ...
[2025-12-07T23:08:16.933+0000] {trigger_dagrun.py:209} INFO - Waiting for s3_to_redis_data_pipeline on 2025-12-07T23:05:15.450789+00:00 to become allowed state ['success'] ...
[2025-12-07T23:08:26.990+0000] {trigger_dagrun.py:209} INFO - Waiting for s3_to_redis_data_pipeline on 2025-12-07T23:05:15.450789+00:00 to become allowed state ['success'] ...
[2025-12-07T23:08:37.113+0000] {taskinstance.py:1937} ERROR - Task failed with exception
Traceback (most recent call last):
  File "/home/airflow/.local/lib/python3.11/site-packages/airflow/operators/trigger_dagrun.py", line 220, in execute
    raise AirflowException(f"{self.trigger_dag_id} failed with failed states {state}")
airflow.exceptions.AirflowException: s3_to_redis_data_pipeline failed with failed states failed
[2025-12-07T23:08:37.123+0000] {taskinstance.py:1400} INFO - Marking task as UP_FOR_RETRY. dag_id=parent_s3_file_monitor_dag, task_id=trigger_s3_to_redis_dag, execution_date=20251207T230000, start_date=20251207T230514, end_date=20251207T230837
[2025-12-07T23:08:37.168+0000] {standard_task_runner.py:104} ERROR - Failed to execute job 38 for task trigger_s3_to_redis_dag (s3_to_redis_data_pipeline failed with failed states failed; 3253)
[2025-12-07T23:08:37.203+0000] {local_task_job_runner.py:228} INFO - Task exited with return code 1
[2025-12-07T23:08:37.331+0000] {taskinstance.py:2778} INFO - 0 downstream tasks scheduled from follow-on schedule check
