[2025-12-07T23:10:15.757+0000] {taskinstance.py:1159} INFO - Dependencies all met for dep_context=non-requeueable deps ti=<TaskInstance: parent_s3_file_monitor_dag.trigger_s3_to_redis_dag scheduled__2025-12-07T23:05:00+00:00 [queued]>
[2025-12-07T23:10:15.783+0000] {taskinstance.py:1159} INFO - Dependencies all met for dep_context=requeueable deps ti=<TaskInstance: parent_s3_file_monitor_dag.trigger_s3_to_redis_dag scheduled__2025-12-07T23:05:00+00:00 [queued]>
[2025-12-07T23:10:15.783+0000] {taskinstance.py:1361} INFO - Starting attempt 1 of 2
[2025-12-07T23:10:15.817+0000] {taskinstance.py:1382} INFO - Executing <Task(TriggerDagRunOperator): trigger_s3_to_redis_dag> on 2025-12-07 23:05:00+00:00
[2025-12-07T23:10:15.829+0000] {standard_task_runner.py:57} INFO - Started process 3449 to run task
[2025-12-07T23:10:15.843+0000] {standard_task_runner.py:84} INFO - Running: ['***', 'tasks', 'run', 'parent_s3_file_monitor_dag', 'trigger_s3_to_redis_dag', 'scheduled__2025-12-07T23:05:00+00:00', '--job-id', '53', '--raw', '--subdir', 'DAGS_FOLDER/parent_s3_file_monitor_dag.py', '--cfg-path', '/tmp/tmprvwprcw4']
[2025-12-07T23:10:15.855+0000] {standard_task_runner.py:85} INFO - Job 53: Subtask trigger_s3_to_redis_dag
[2025-12-07T23:10:15.931+0000] {logging_mixin.py:154} WARNING - /home/***/.local/lib/python3.11/site-packages/***/settings.py:195 DeprecationWarning: The sql_alchemy_conn option in [core] has been moved to the sql_alchemy_conn option in [database] - the old setting has been used, but please update your config.
[2025-12-07T23:10:16.136+0000] {task_command.py:416} INFO - Running <TaskInstance: parent_s3_file_monitor_dag.trigger_s3_to_redis_dag scheduled__2025-12-07T23:05:00+00:00 [running]> on host 0f9d3bc81df5
[2025-12-07T23:10:16.561+0000] {taskinstance.py:1662} INFO - Exporting env vars: AIRFLOW_CTX_DAG_EMAIL='harish.techlance@gmail.com' AIRFLOW_CTX_DAG_OWNER='***' AIRFLOW_CTX_DAG_ID='parent_s3_file_monitor_dag' AIRFLOW_CTX_TASK_ID='trigger_s3_to_redis_dag' AIRFLOW_CTX_EXECUTION_DATE='2025-12-07T23:05:00+00:00' AIRFLOW_CTX_TRY_NUMBER='1' AIRFLOW_CTX_DAG_RUN_ID='scheduled__2025-12-07T23:05:00+00:00'
[2025-12-07T23:10:16.994+0000] {trigger_dagrun.py:209} INFO - Waiting for s3_to_redis_data_pipeline on 2025-12-07T23:10:16.563090+00:00 to become allowed state ['success'] ...
[2025-12-07T23:10:27.052+0000] {trigger_dagrun.py:209} INFO - Waiting for s3_to_redis_data_pipeline on 2025-12-07T23:10:16.563090+00:00 to become allowed state ['success'] ...
[2025-12-07T23:10:37.109+0000] {trigger_dagrun.py:209} INFO - Waiting for s3_to_redis_data_pipeline on 2025-12-07T23:10:16.563090+00:00 to become allowed state ['success'] ...
[2025-12-07T23:10:47.165+0000] {trigger_dagrun.py:209} INFO - Waiting for s3_to_redis_data_pipeline on 2025-12-07T23:10:16.563090+00:00 to become allowed state ['success'] ...
[2025-12-07T23:10:57.221+0000] {trigger_dagrun.py:209} INFO - Waiting for s3_to_redis_data_pipeline on 2025-12-07T23:10:16.563090+00:00 to become allowed state ['success'] ...
[2025-12-07T23:11:07.277+0000] {trigger_dagrun.py:209} INFO - Waiting for s3_to_redis_data_pipeline on 2025-12-07T23:10:16.563090+00:00 to become allowed state ['success'] ...
[2025-12-07T23:11:17.334+0000] {trigger_dagrun.py:209} INFO - Waiting for s3_to_redis_data_pipeline on 2025-12-07T23:10:16.563090+00:00 to become allowed state ['success'] ...
[2025-12-07T23:11:27.391+0000] {trigger_dagrun.py:209} INFO - Waiting for s3_to_redis_data_pipeline on 2025-12-07T23:10:16.563090+00:00 to become allowed state ['success'] ...
[2025-12-07T23:11:37.447+0000] {trigger_dagrun.py:209} INFO - Waiting for s3_to_redis_data_pipeline on 2025-12-07T23:10:16.563090+00:00 to become allowed state ['success'] ...
[2025-12-07T23:11:47.503+0000] {trigger_dagrun.py:209} INFO - Waiting for s3_to_redis_data_pipeline on 2025-12-07T23:10:16.563090+00:00 to become allowed state ['success'] ...
[2025-12-07T23:11:57.536+0000] {trigger_dagrun.py:209} INFO - Waiting for s3_to_redis_data_pipeline on 2025-12-07T23:10:16.563090+00:00 to become allowed state ['success'] ...
[2025-12-07T23:12:07.592+0000] {trigger_dagrun.py:209} INFO - Waiting for s3_to_redis_data_pipeline on 2025-12-07T23:10:16.563090+00:00 to become allowed state ['success'] ...
[2025-12-07T23:12:17.646+0000] {trigger_dagrun.py:209} INFO - Waiting for s3_to_redis_data_pipeline on 2025-12-07T23:10:16.563090+00:00 to become allowed state ['success'] ...
[2025-12-07T23:12:27.706+0000] {trigger_dagrun.py:209} INFO - Waiting for s3_to_redis_data_pipeline on 2025-12-07T23:10:16.563090+00:00 to become allowed state ['success'] ...
[2025-12-07T23:12:37.762+0000] {trigger_dagrun.py:222} INFO - s3_to_redis_data_pipeline finished with allowed state success
[2025-12-07T23:12:37.826+0000] {taskinstance.py:1400} INFO - Marking task as SUCCESS. dag_id=parent_s3_file_monitor_dag, task_id=trigger_s3_to_redis_dag, execution_date=20251207T230500, start_date=20251207T231015, end_date=20251207T231237
[2025-12-07T23:12:37.886+0000] {local_task_job_runner.py:228} INFO - Task exited with return code 0
[2025-12-07T23:12:38.010+0000] {taskinstance.py:2778} INFO - 1 downstream tasks scheduled from follow-on schedule check
