[2025-12-07T22:35:40.429+0000] {taskinstance.py:1159} INFO - Dependencies all met for dep_context=non-requeueable deps ti=<TaskInstance: weather_data_pipeline.is_weather_api_ready manual__2025-12-07T22:35:37.803756+00:00 [queued]>
[2025-12-07T22:35:40.444+0000] {taskinstance.py:1159} INFO - Dependencies all met for dep_context=requeueable deps ti=<TaskInstance: weather_data_pipeline.is_weather_api_ready manual__2025-12-07T22:35:37.803756+00:00 [queued]>
[2025-12-07T22:35:40.444+0000] {taskinstance.py:1361} INFO - Starting attempt 1 of 2
[2025-12-07T22:35:40.471+0000] {taskinstance.py:1382} INFO - Executing <Task(HttpSensor): is_weather_api_ready> on 2025-12-07 22:35:37.803756+00:00
[2025-12-07T22:35:40.489+0000] {standard_task_runner.py:57} INFO - Started process 2160 to run task
[2025-12-07T22:35:40.501+0000] {standard_task_runner.py:84} INFO - Running: ['***', 'tasks', 'run', 'weather_data_pipeline', 'is_weather_api_ready', 'manual__2025-12-07T22:35:37.803756+00:00', '--job-id', '3', '--raw', '--subdir', 'DAGS_FOLDER/weather_dag.py', '--cfg-path', '/tmp/tmpy3e9h11g']
[2025-12-07T22:35:40.522+0000] {standard_task_runner.py:85} INFO - Job 3: Subtask is_weather_api_ready
[2025-12-07T22:35:40.622+0000] {logging_mixin.py:154} WARNING - /home/***/.local/lib/python3.11/site-packages/***/settings.py:195 DeprecationWarning: The sql_alchemy_conn option in [core] has been moved to the sql_alchemy_conn option in [database] - the old setting has been used, but please update your config.
[2025-12-07T22:35:40.847+0000] {task_command.py:416} INFO - Running <TaskInstance: weather_data_pipeline.is_weather_api_ready manual__2025-12-07T22:35:37.803756+00:00 [running]> on host 0f9d3bc81df5
[2025-12-07T22:35:41.268+0000] {taskinstance.py:1662} INFO - Exporting env vars: AIRFLOW_CTX_DAG_EMAIL='harish.techlance@gmail.com' AIRFLOW_CTX_DAG_OWNER='***' AIRFLOW_CTX_DAG_ID='weather_data_pipeline' AIRFLOW_CTX_TASK_ID='is_weather_api_ready' AIRFLOW_CTX_EXECUTION_DATE='2025-12-07T22:35:37.803756+00:00' AIRFLOW_CTX_TRY_NUMBER='1' AIRFLOW_CTX_DAG_RUN_ID='manual__2025-12-07T22:35:37.803756+00:00'
[2025-12-07T22:35:41.272+0000] {http.py:130} INFO - Poking: data/2.5/weather?q=London,uk&APPID=26c4fd67839444eaa2cd475aba7b1020
[2025-12-07T22:35:41.393+0000] {taskinstance.py:1937} ERROR - Task failed with exception
Traceback (most recent call last):
  File "/home/airflow/.local/lib/python3.11/site-packages/airflow/sensors/base.py", line 257, in execute
    raise e
  File "/home/airflow/.local/lib/python3.11/site-packages/airflow/sensors/base.py", line 239, in execute
    poke_return = self.poke(context)
                  ^^^^^^^^^^^^^^^^^^
  File "/home/airflow/.local/lib/python3.11/site-packages/airflow/providers/http/sensors/http.py", line 148, in poke
    raise exc
  File "/home/airflow/.local/lib/python3.11/site-packages/airflow/providers/http/sensors/http.py", line 132, in poke
    response = hook.run(
               ^^^^^^^^^
  File "/home/airflow/.local/lib/python3.11/site-packages/airflow/providers/http/hooks/http.py", line 145, in run
    session = self.get_conn(headers)
              ^^^^^^^^^^^^^^^^^^^^^^
  File "/home/airflow/.local/lib/python3.11/site-packages/airflow/providers/http/hooks/http.py", line 98, in get_conn
    conn = self.get_connection(self.http_conn_id)
           ^^^^^^^^^^^^^^^^^^^^^^^^^^^^^^^^^^^^^^
  File "/home/airflow/.local/lib/python3.11/site-packages/airflow/hooks/base.py", line 72, in get_connection
    conn = Connection.get_connection_from_secrets(conn_id)
           ^^^^^^^^^^^^^^^^^^^^^^^^^^^^^^^^^^^^^^^^^^^^^^^
  File "/home/airflow/.local/lib/python3.11/site-packages/airflow/models/connection.py", line 477, in get_connection_from_secrets
    raise AirflowNotFoundException(f"The conn_id `{conn_id}` isn't defined")
airflow.exceptions.AirflowNotFoundException: The conn_id `weather_api` isn't defined
[2025-12-07T22:35:41.405+0000] {taskinstance.py:1400} INFO - Marking task as UP_FOR_RETRY. dag_id=weather_data_pipeline, task_id=is_weather_api_ready, execution_date=20251207T223537, start_date=20251207T223540, end_date=20251207T223541
[2025-12-07T22:35:41.449+0000] {standard_task_runner.py:104} ERROR - Failed to execute job 3 for task is_weather_api_ready (The conn_id `weather_api` isn't defined; 2160)
[2025-12-07T22:35:41.483+0000] {local_task_job_runner.py:228} INFO - Task exited with return code 1
[2025-12-07T22:35:41.618+0000] {taskinstance.py:2778} INFO - 0 downstream tasks scheduled from follow-on schedule check
