[2025-12-07T23:04:30.796+0000] {taskinstance.py:1159} INFO - Dependencies all met for dep_context=non-requeueable deps ti=<TaskInstance: parent_s3_file_monitor_dag.wait_for_s3_file scheduled__2025-12-07T22:55:00+00:00 [queued]>
[2025-12-07T23:04:30.820+0000] {taskinstance.py:1159} INFO - Dependencies all met for dep_context=requeueable deps ti=<TaskInstance: parent_s3_file_monitor_dag.wait_for_s3_file scheduled__2025-12-07T22:55:00+00:00 [queued]>
[2025-12-07T23:04:30.821+0000] {taskinstance.py:1361} INFO - Starting attempt 1 of 2
[2025-12-07T23:04:30.902+0000] {taskinstance.py:1382} INFO - Executing <Task(S3KeySensor): wait_for_s3_file> on 2025-12-07 22:55:00+00:00
[2025-12-07T23:04:30.919+0000] {standard_task_runner.py:57} INFO - Started process 3204 to run task
[2025-12-07T23:04:30.940+0000] {standard_task_runner.py:84} INFO - Running: ['***', 'tasks', 'run', 'parent_s3_file_monitor_dag', 'wait_for_s3_file', 'scheduled__2025-12-07T22:55:00+00:00', '--job-id', '28', '--raw', '--subdir', 'DAGS_FOLDER/parent_s3_file_monitor_dag.py', '--cfg-path', '/tmp/tmpnzvi7pxw']
[2025-12-07T23:04:30.962+0000] {standard_task_runner.py:85} INFO - Job 28: Subtask wait_for_s3_file
[2025-12-07T23:04:31.058+0000] {logging_mixin.py:154} WARNING - /home/***/.local/lib/python3.11/site-packages/***/settings.py:195 DeprecationWarning: The sql_alchemy_conn option in [core] has been moved to the sql_alchemy_conn option in [database] - the old setting has been used, but please update your config.
[2025-12-07T23:04:31.297+0000] {task_command.py:416} INFO - Running <TaskInstance: parent_s3_file_monitor_dag.wait_for_s3_file scheduled__2025-12-07T22:55:00+00:00 [running]> on host 0f9d3bc81df5
[2025-12-07T23:04:31.790+0000] {taskinstance.py:1662} INFO - Exporting env vars: AIRFLOW_CTX_DAG_EMAIL='harish.techlance@gmail.com' AIRFLOW_CTX_DAG_OWNER='***' AIRFLOW_CTX_DAG_ID='parent_s3_file_monitor_dag' AIRFLOW_CTX_TASK_ID='wait_for_s3_file' AIRFLOW_CTX_EXECUTION_DATE='2025-12-07T22:55:00+00:00' AIRFLOW_CTX_TRY_NUMBER='1' AIRFLOW_CTX_DAG_RUN_ID='scheduled__2025-12-07T22:55:00+00:00'
[2025-12-07T23:04:31.857+0000] {s3.py:106} INFO - Poking for key : s3://***-tuple-spectra/input_data/US_Cities_Sample.csv
[2025-12-07T23:04:31.915+0000] {base.py:73} INFO - Using connection ID 'aws_default_conn_id' for task execution.
[2025-12-07T23:04:31.917+0000] {connection_wrapper.py:378} INFO - AWS Connection (conn_id='aws_default_conn_id', conn_type='aws') credentials retrieved from login and password.
[2025-12-07T23:04:34.240+0000] {taskinstance.py:1897} INFO - Rescheduling task, marking task as UP_FOR_RESCHEDULE
[2025-12-07T23:04:34.295+0000] {local_task_job_runner.py:228} INFO - Task exited with return code 0
[2025-12-07T23:04:34.459+0000] {taskinstance.py:2778} INFO - 0 downstream tasks scheduled from follow-on schedule check
[2025-12-07T23:05:05.543+0000] {taskinstance.py:1159} INFO - Dependencies all met for dep_context=non-requeueable deps ti=<TaskInstance: parent_s3_file_monitor_dag.wait_for_s3_file scheduled__2025-12-07T22:55:00+00:00 [queued]>
[2025-12-07T23:05:05.564+0000] {taskinstance.py:1159} INFO - Dependencies all met for dep_context=requeueable deps ti=<TaskInstance: parent_s3_file_monitor_dag.wait_for_s3_file scheduled__2025-12-07T22:55:00+00:00 [queued]>
[2025-12-07T23:05:05.565+0000] {taskinstance.py:1361} INFO - Starting attempt 1 of 2
[2025-12-07T23:05:05.602+0000] {taskinstance.py:1382} INFO - Executing <Task(S3KeySensor): wait_for_s3_file> on 2025-12-07 22:55:00+00:00
[2025-12-07T23:05:05.615+0000] {standard_task_runner.py:57} INFO - Started process 3238 to run task
[2025-12-07T23:05:05.628+0000] {standard_task_runner.py:84} INFO - Running: ['***', 'tasks', 'run', 'parent_s3_file_monitor_dag', 'wait_for_s3_file', 'scheduled__2025-12-07T22:55:00+00:00', '--job-id', '33', '--raw', '--subdir', 'DAGS_FOLDER/parent_s3_file_monitor_dag.py', '--cfg-path', '/tmp/tmpyy3gvarh']
[2025-12-07T23:05:05.641+0000] {standard_task_runner.py:85} INFO - Job 33: Subtask wait_for_s3_file
[2025-12-07T23:05:05.711+0000] {logging_mixin.py:154} WARNING - /home/***/.local/lib/python3.11/site-packages/***/settings.py:195 DeprecationWarning: The sql_alchemy_conn option in [core] has been moved to the sql_alchemy_conn option in [database] - the old setting has been used, but please update your config.
[2025-12-07T23:05:05.914+0000] {task_command.py:416} INFO - Running <TaskInstance: parent_s3_file_monitor_dag.wait_for_s3_file scheduled__2025-12-07T22:55:00+00:00 [running]> on host 0f9d3bc81df5
[2025-12-07T23:05:06.337+0000] {taskinstance.py:1662} INFO - Exporting env vars: AIRFLOW_CTX_DAG_EMAIL='harish.techlance@gmail.com' AIRFLOW_CTX_DAG_OWNER='***' AIRFLOW_CTX_DAG_ID='parent_s3_file_monitor_dag' AIRFLOW_CTX_TASK_ID='wait_for_s3_file' AIRFLOW_CTX_EXECUTION_DATE='2025-12-07T22:55:00+00:00' AIRFLOW_CTX_TRY_NUMBER='1' AIRFLOW_CTX_DAG_RUN_ID='scheduled__2025-12-07T22:55:00+00:00'
[2025-12-07T23:05:06.403+0000] {s3.py:106} INFO - Poking for key : s3://***-tuple-spectra/input_data/US_Cities_Sample.csv
[2025-12-07T23:05:06.463+0000] {base.py:73} INFO - Using connection ID 'aws_default_conn_id' for task execution.
[2025-12-07T23:05:06.464+0000] {connection_wrapper.py:378} INFO - AWS Connection (conn_id='aws_default_conn_id', conn_type='aws') credentials retrieved from login and password.
[2025-12-07T23:05:08.298+0000] {base.py:287} INFO - Success criteria met. Exiting.
[2025-12-07T23:05:08.805+0000] {taskinstance.py:1400} INFO - Marking task as SUCCESS. dag_id=parent_s3_file_monitor_dag, task_id=wait_for_s3_file, execution_date=20251207T225500, start_date=20251207T230505, end_date=20251207T230508
[2025-12-07T23:05:08.898+0000] {local_task_job_runner.py:228} INFO - Task exited with return code 0
[2025-12-07T23:05:09.084+0000] {taskinstance.py:2778} INFO - 1 downstream tasks scheduled from follow-on schedule check
