[2025-12-07T22:44:11.389+0000] {taskinstance.py:1159} INFO - Dependencies all met for dep_context=non-requeueable deps ti=<TaskInstance: weather_data_pipeline.transform_weather_data manual__2025-12-07T22:44:01.900613+00:00 [queued]>
[2025-12-07T22:44:11.409+0000] {taskinstance.py:1159} INFO - Dependencies all met for dep_context=requeueable deps ti=<TaskInstance: weather_data_pipeline.transform_weather_data manual__2025-12-07T22:44:01.900613+00:00 [queued]>
[2025-12-07T22:44:11.410+0000] {taskinstance.py:1361} INFO - Starting attempt 1 of 2
[2025-12-07T22:44:11.436+0000] {taskinstance.py:1382} INFO - Executing <Task(PythonOperator): transform_weather_data> on 2025-12-07 22:44:01.900613+00:00
[2025-12-07T22:44:11.448+0000] {standard_task_runner.py:57} INFO - Started process 2470 to run task
[2025-12-07T22:44:11.458+0000] {standard_task_runner.py:84} INFO - Running: ['***', 'tasks', 'run', 'weather_data_pipeline', 'transform_weather_data', 'manual__2025-12-07T22:44:01.900613+00:00', '--job-id', '12', '--raw', '--subdir', 'DAGS_FOLDER/weather_dag.py', '--cfg-path', '/tmp/tmp0_7pvmzn']
[2025-12-07T22:44:11.469+0000] {standard_task_runner.py:85} INFO - Job 12: Subtask transform_weather_data
[2025-12-07T22:44:11.539+0000] {logging_mixin.py:154} WARNING - /home/***/.local/lib/python3.11/site-packages/***/settings.py:195 DeprecationWarning: The sql_alchemy_conn option in [core] has been moved to the sql_alchemy_conn option in [database] - the old setting has been used, but please update your config.
[2025-12-07T22:44:11.719+0000] {task_command.py:416} INFO - Running <TaskInstance: weather_data_pipeline.transform_weather_data manual__2025-12-07T22:44:01.900613+00:00 [running]> on host 0f9d3bc81df5
[2025-12-07T22:44:12.139+0000] {taskinstance.py:1662} INFO - Exporting env vars: AIRFLOW_CTX_DAG_EMAIL='harish.techlance@gmail.com' AIRFLOW_CTX_DAG_OWNER='***' AIRFLOW_CTX_DAG_ID='weather_data_pipeline' AIRFLOW_CTX_TASK_ID='transform_weather_data' AIRFLOW_CTX_EXECUTION_DATE='2025-12-07T22:44:01.900613+00:00' AIRFLOW_CTX_TRY_NUMBER='1' AIRFLOW_CTX_DAG_RUN_ID='manual__2025-12-07T22:44:01.900613+00:00'
[2025-12-07T22:44:12.228+0000] {taskinstance.py:1937} ERROR - Task failed with exception
Traceback (most recent call last):
  File "/home/airflow/.local/lib/python3.11/site-packages/airflow/operators/python.py", line 192, in execute
    return_value = self.execute_callable()
                   ^^^^^^^^^^^^^^^^^^^^^^^
  File "/home/airflow/.local/lib/python3.11/site-packages/airflow/operators/python.py", line 209, in execute_callable
    return self.python_callable(*self.op_args, **self.op_kwargs)
           ^^^^^^^^^^^^^^^^^^^^^^^^^^^^^^^^^^^^^^^^^^^^^^^^^^^^^
  File "/opt/airflow/dags/weather_dag.py", line 37, in transform_weather_data_function
    os.chmod(data_dir, 0o777)
PermissionError: [Errno 1] Operation not permitted: '/opt/airflow/dags/data/weather_data'
[2025-12-07T22:44:12.293+0000] {taskinstance.py:1400} INFO - Marking task as UP_FOR_RETRY. dag_id=weather_data_pipeline, task_id=transform_weather_data, execution_date=20251207T224401, start_date=20251207T224411, end_date=20251207T224412
[2025-12-07T22:44:12.334+0000] {standard_task_runner.py:104} ERROR - Failed to execute job 12 for task transform_weather_data ([Errno 1] Operation not permitted: '/opt/airflow/dags/data/weather_data'; 2470)
[2025-12-07T22:44:12.354+0000] {local_task_job_runner.py:228} INFO - Task exited with return code 1
[2025-12-07T22:44:12.484+0000] {taskinstance.py:2778} INFO - 0 downstream tasks scheduled from follow-on schedule check
