[2025-12-07T23:15:01.668+0000] {taskinstance.py:1159} INFO - Dependencies all met for dep_context=non-requeueable deps ti=<TaskInstance: parent_s3_file_monitor_dag.wait_for_s3_file scheduled__2025-12-07T23:10:00+00:00 [queued]>
[2025-12-07T23:15:01.693+0000] {taskinstance.py:1159} INFO - Dependencies all met for dep_context=requeueable deps ti=<TaskInstance: parent_s3_file_monitor_dag.wait_for_s3_file scheduled__2025-12-07T23:10:00+00:00 [queued]>
[2025-12-07T23:15:01.694+0000] {taskinstance.py:1361} INFO - Starting attempt 1 of 2
[2025-12-07T23:15:01.729+0000] {taskinstance.py:1382} INFO - Executing <Task(S3KeySensor): wait_for_s3_file> on 2025-12-07 23:10:00+00:00
[2025-12-07T23:15:01.742+0000] {standard_task_runner.py:57} INFO - Started process 3675 to run task
[2025-12-07T23:15:01.755+0000] {standard_task_runner.py:84} INFO - Running: ['***', 'tasks', 'run', 'parent_s3_file_monitor_dag', 'wait_for_s3_file', 'scheduled__2025-12-07T23:10:00+00:00', '--job-id', '81', '--raw', '--subdir', 'DAGS_FOLDER/parent_s3_file_monitor_dag.py', '--cfg-path', '/tmp/tmppob8oa5p']
[2025-12-07T23:15:01.768+0000] {standard_task_runner.py:85} INFO - Job 81: Subtask wait_for_s3_file
[2025-12-07T23:15:01.844+0000] {logging_mixin.py:154} WARNING - /home/***/.local/lib/python3.11/site-packages/***/settings.py:195 DeprecationWarning: The sql_alchemy_conn option in [core] has been moved to the sql_alchemy_conn option in [database] - the old setting has been used, but please update your config.
[2025-12-07T23:15:02.062+0000] {task_command.py:416} INFO - Running <TaskInstance: parent_s3_file_monitor_dag.wait_for_s3_file scheduled__2025-12-07T23:10:00+00:00 [running]> on host 0f9d3bc81df5
[2025-12-07T23:15:02.532+0000] {taskinstance.py:1662} INFO - Exporting env vars: AIRFLOW_CTX_DAG_EMAIL='harish.techlance@gmail.com' AIRFLOW_CTX_DAG_OWNER='***' AIRFLOW_CTX_DAG_ID='parent_s3_file_monitor_dag' AIRFLOW_CTX_TASK_ID='wait_for_s3_file' AIRFLOW_CTX_EXECUTION_DATE='2025-12-07T23:10:00+00:00' AIRFLOW_CTX_TRY_NUMBER='1' AIRFLOW_CTX_DAG_RUN_ID='scheduled__2025-12-07T23:10:00+00:00'
[2025-12-07T23:15:02.596+0000] {s3.py:106} INFO - Poking for key : s3://***-tuple-spectra/input_data/US_Cities_Sample.csv
[2025-12-07T23:15:02.653+0000] {base.py:73} INFO - Using connection ID 'aws_default_conn_id' for task execution.
[2025-12-07T23:15:02.654+0000] {connection_wrapper.py:378} INFO - AWS Connection (conn_id='aws_default_conn_id', conn_type='aws') credentials retrieved from login and password.
[2025-12-07T23:15:05.054+0000] {taskinstance.py:1897} INFO - Rescheduling task, marking task as UP_FOR_RESCHEDULE
[2025-12-07T23:15:05.109+0000] {local_task_job_runner.py:228} INFO - Task exited with return code 0
[2025-12-07T23:15:05.293+0000] {taskinstance.py:2778} INFO - 0 downstream tasks scheduled from follow-on schedule check
[2025-12-07T23:15:36.316+0000] {taskinstance.py:1159} INFO - Dependencies all met for dep_context=non-requeueable deps ti=<TaskInstance: parent_s3_file_monitor_dag.wait_for_s3_file scheduled__2025-12-07T23:10:00+00:00 [queued]>
[2025-12-07T23:15:36.340+0000] {taskinstance.py:1159} INFO - Dependencies all met for dep_context=requeueable deps ti=<TaskInstance: parent_s3_file_monitor_dag.wait_for_s3_file scheduled__2025-12-07T23:10:00+00:00 [queued]>
[2025-12-07T23:15:36.341+0000] {taskinstance.py:1361} INFO - Starting attempt 1 of 2
[2025-12-07T23:15:36.377+0000] {taskinstance.py:1382} INFO - Executing <Task(S3KeySensor): wait_for_s3_file> on 2025-12-07 23:10:00+00:00
[2025-12-07T23:15:36.389+0000] {standard_task_runner.py:57} INFO - Started process 3697 to run task
[2025-12-07T23:15:36.403+0000] {standard_task_runner.py:84} INFO - Running: ['***', 'tasks', 'run', 'parent_s3_file_monitor_dag', 'wait_for_s3_file', 'scheduled__2025-12-07T23:10:00+00:00', '--job-id', '83', '--raw', '--subdir', 'DAGS_FOLDER/parent_s3_file_monitor_dag.py', '--cfg-path', '/tmp/tmp4g0e673n']
[2025-12-07T23:15:36.416+0000] {standard_task_runner.py:85} INFO - Job 83: Subtask wait_for_s3_file
[2025-12-07T23:15:36.493+0000] {logging_mixin.py:154} WARNING - /home/***/.local/lib/python3.11/site-packages/***/settings.py:195 DeprecationWarning: The sql_alchemy_conn option in [core] has been moved to the sql_alchemy_conn option in [database] - the old setting has been used, but please update your config.
[2025-12-07T23:15:36.705+0000] {task_command.py:416} INFO - Running <TaskInstance: parent_s3_file_monitor_dag.wait_for_s3_file scheduled__2025-12-07T23:10:00+00:00 [running]> on host 0f9d3bc81df5
[2025-12-07T23:15:37.167+0000] {taskinstance.py:1662} INFO - Exporting env vars: AIRFLOW_CTX_DAG_EMAIL='harish.techlance@gmail.com' AIRFLOW_CTX_DAG_OWNER='***' AIRFLOW_CTX_DAG_ID='parent_s3_file_monitor_dag' AIRFLOW_CTX_TASK_ID='wait_for_s3_file' AIRFLOW_CTX_EXECUTION_DATE='2025-12-07T23:10:00+00:00' AIRFLOW_CTX_TRY_NUMBER='1' AIRFLOW_CTX_DAG_RUN_ID='scheduled__2025-12-07T23:10:00+00:00'
[2025-12-07T23:15:37.230+0000] {s3.py:106} INFO - Poking for key : s3://***-tuple-spectra/input_data/US_Cities_Sample.csv
[2025-12-07T23:15:37.290+0000] {base.py:73} INFO - Using connection ID 'aws_default_conn_id' for task execution.
[2025-12-07T23:15:37.291+0000] {connection_wrapper.py:378} INFO - AWS Connection (conn_id='aws_default_conn_id', conn_type='aws') credentials retrieved from login and password.
[2025-12-07T23:15:39.230+0000] {taskinstance.py:1897} INFO - Rescheduling task, marking task as UP_FOR_RESCHEDULE
[2025-12-07T23:15:39.269+0000] {local_task_job_runner.py:228} INFO - Task exited with return code 0
[2025-12-07T23:15:39.386+0000] {taskinstance.py:2778} INFO - 0 downstream tasks scheduled from follow-on schedule check
[2025-12-07T23:16:11.390+0000] {taskinstance.py:1159} INFO - Dependencies all met for dep_context=non-requeueable deps ti=<TaskInstance: parent_s3_file_monitor_dag.wait_for_s3_file scheduled__2025-12-07T23:10:00+00:00 [queued]>
[2025-12-07T23:16:11.414+0000] {taskinstance.py:1159} INFO - Dependencies all met for dep_context=requeueable deps ti=<TaskInstance: parent_s3_file_monitor_dag.wait_for_s3_file scheduled__2025-12-07T23:10:00+00:00 [queued]>
[2025-12-07T23:16:11.414+0000] {taskinstance.py:1361} INFO - Starting attempt 1 of 2
[2025-12-07T23:16:11.447+0000] {taskinstance.py:1382} INFO - Executing <Task(S3KeySensor): wait_for_s3_file> on 2025-12-07 23:10:00+00:00
[2025-12-07T23:16:11.460+0000] {standard_task_runner.py:57} INFO - Started process 3722 to run task
[2025-12-07T23:16:11.473+0000] {standard_task_runner.py:84} INFO - Running: ['***', 'tasks', 'run', 'parent_s3_file_monitor_dag', 'wait_for_s3_file', 'scheduled__2025-12-07T23:10:00+00:00', '--job-id', '84', '--raw', '--subdir', 'DAGS_FOLDER/parent_s3_file_monitor_dag.py', '--cfg-path', '/tmp/tmp_os56eor']
[2025-12-07T23:16:11.486+0000] {standard_task_runner.py:85} INFO - Job 84: Subtask wait_for_s3_file
[2025-12-07T23:16:11.562+0000] {logging_mixin.py:154} WARNING - /home/***/.local/lib/python3.11/site-packages/***/settings.py:195 DeprecationWarning: The sql_alchemy_conn option in [core] has been moved to the sql_alchemy_conn option in [database] - the old setting has been used, but please update your config.
[2025-12-07T23:16:11.773+0000] {task_command.py:416} INFO - Running <TaskInstance: parent_s3_file_monitor_dag.wait_for_s3_file scheduled__2025-12-07T23:10:00+00:00 [running]> on host 0f9d3bc81df5
[2025-12-07T23:16:12.220+0000] {taskinstance.py:1662} INFO - Exporting env vars: AIRFLOW_CTX_DAG_EMAIL='harish.techlance@gmail.com' AIRFLOW_CTX_DAG_OWNER='***' AIRFLOW_CTX_DAG_ID='parent_s3_file_monitor_dag' AIRFLOW_CTX_TASK_ID='wait_for_s3_file' AIRFLOW_CTX_EXECUTION_DATE='2025-12-07T23:10:00+00:00' AIRFLOW_CTX_TRY_NUMBER='1' AIRFLOW_CTX_DAG_RUN_ID='scheduled__2025-12-07T23:10:00+00:00'
[2025-12-07T23:16:12.283+0000] {s3.py:106} INFO - Poking for key : s3://***-tuple-spectra/input_data/US_Cities_Sample.csv
[2025-12-07T23:16:12.342+0000] {base.py:73} INFO - Using connection ID 'aws_default_conn_id' for task execution.
[2025-12-07T23:16:12.343+0000] {connection_wrapper.py:378} INFO - AWS Connection (conn_id='aws_default_conn_id', conn_type='aws') credentials retrieved from login and password.
[2025-12-07T23:16:14.265+0000] {taskinstance.py:1897} INFO - Rescheduling task, marking task as UP_FOR_RESCHEDULE
[2025-12-07T23:16:14.297+0000] {local_task_job_runner.py:228} INFO - Task exited with return code 0
[2025-12-07T23:16:14.448+0000] {taskinstance.py:2778} INFO - 0 downstream tasks scheduled from follow-on schedule check
[2025-12-07T23:16:45.929+0000] {taskinstance.py:1159} INFO - Dependencies all met for dep_context=non-requeueable deps ti=<TaskInstance: parent_s3_file_monitor_dag.wait_for_s3_file scheduled__2025-12-07T23:10:00+00:00 [queued]>
[2025-12-07T23:16:45.956+0000] {taskinstance.py:1159} INFO - Dependencies all met for dep_context=requeueable deps ti=<TaskInstance: parent_s3_file_monitor_dag.wait_for_s3_file scheduled__2025-12-07T23:10:00+00:00 [queued]>
[2025-12-07T23:16:45.957+0000] {taskinstance.py:1361} INFO - Starting attempt 1 of 2
[2025-12-07T23:16:46.017+0000] {taskinstance.py:1382} INFO - Executing <Task(S3KeySensor): wait_for_s3_file> on 2025-12-07 23:10:00+00:00
[2025-12-07T23:16:46.030+0000] {standard_task_runner.py:57} INFO - Started process 3745 to run task
[2025-12-07T23:16:46.044+0000] {standard_task_runner.py:84} INFO - Running: ['***', 'tasks', 'run', 'parent_s3_file_monitor_dag', 'wait_for_s3_file', 'scheduled__2025-12-07T23:10:00+00:00', '--job-id', '85', '--raw', '--subdir', 'DAGS_FOLDER/parent_s3_file_monitor_dag.py', '--cfg-path', '/tmp/tmpw2y2sybu']
[2025-12-07T23:16:46.057+0000] {standard_task_runner.py:85} INFO - Job 85: Subtask wait_for_s3_file
[2025-12-07T23:16:46.133+0000] {logging_mixin.py:154} WARNING - /home/***/.local/lib/python3.11/site-packages/***/settings.py:195 DeprecationWarning: The sql_alchemy_conn option in [core] has been moved to the sql_alchemy_conn option in [database] - the old setting has been used, but please update your config.
[2025-12-07T23:16:46.342+0000] {task_command.py:416} INFO - Running <TaskInstance: parent_s3_file_monitor_dag.wait_for_s3_file scheduled__2025-12-07T23:10:00+00:00 [running]> on host 0f9d3bc81df5
[2025-12-07T23:16:46.784+0000] {taskinstance.py:1662} INFO - Exporting env vars: AIRFLOW_CTX_DAG_EMAIL='harish.techlance@gmail.com' AIRFLOW_CTX_DAG_OWNER='***' AIRFLOW_CTX_DAG_ID='parent_s3_file_monitor_dag' AIRFLOW_CTX_TASK_ID='wait_for_s3_file' AIRFLOW_CTX_EXECUTION_DATE='2025-12-07T23:10:00+00:00' AIRFLOW_CTX_TRY_NUMBER='1' AIRFLOW_CTX_DAG_RUN_ID='scheduled__2025-12-07T23:10:00+00:00'
[2025-12-07T23:16:46.847+0000] {s3.py:106} INFO - Poking for key : s3://***-tuple-spectra/input_data/US_Cities_Sample.csv
[2025-12-07T23:16:46.892+0000] {base.py:73} INFO - Using connection ID 'aws_default_conn_id' for task execution.
[2025-12-07T23:16:46.893+0000] {connection_wrapper.py:378} INFO - AWS Connection (conn_id='aws_default_conn_id', conn_type='aws') credentials retrieved from login and password.
[2025-12-07T23:16:48.767+0000] {taskinstance.py:1897} INFO - Rescheduling task, marking task as UP_FOR_RESCHEDULE
[2025-12-07T23:16:48.829+0000] {local_task_job_runner.py:228} INFO - Task exited with return code 0
[2025-12-07T23:16:48.983+0000] {taskinstance.py:2778} INFO - 0 downstream tasks scheduled from follow-on schedule check
