[2025-12-07T23:14:31.867+0000] {taskinstance.py:1159} INFO - Dependencies all met for dep_context=non-requeueable deps ti=<TaskInstance: s3_to_redis_data_pipeline.s3_to_redis_group.create_cities_redis_table manual__2025-12-07T23:14:25.904765+00:00 [queued]>
[2025-12-07T23:14:31.881+0000] {taskinstance.py:1159} INFO - Dependencies all met for dep_context=requeueable deps ti=<TaskInstance: s3_to_redis_data_pipeline.s3_to_redis_group.create_cities_redis_table manual__2025-12-07T23:14:25.904765+00:00 [queued]>
[2025-12-07T23:14:31.881+0000] {taskinstance.py:1361} INFO - Starting attempt 1 of 2
[2025-12-07T23:14:31.900+0000] {taskinstance.py:1382} INFO - Executing <Task(PythonOperator): s3_to_redis_group.create_cities_redis_table> on 2025-12-07 23:14:25.904765+00:00
[2025-12-07T23:14:31.911+0000] {standard_task_runner.py:57} INFO - Started process 3644 to run task
[2025-12-07T23:14:31.919+0000] {standard_task_runner.py:84} INFO - Running: ['***', 'tasks', 'run', 's3_to_redis_data_pipeline', 's3_to_redis_group.create_cities_redis_table', 'manual__2025-12-07T23:14:25.904765+00:00', '--job-id', '75', '--raw', '--subdir', 'DAGS_FOLDER/s3_to_redis_dag.py', '--cfg-path', '/tmp/tmp3yucadr_']
[2025-12-07T23:14:31.927+0000] {standard_task_runner.py:85} INFO - Job 75: Subtask s3_to_redis_group.create_cities_redis_table
[2025-12-07T23:14:31.971+0000] {logging_mixin.py:154} WARNING - /home/***/.local/lib/python3.11/site-packages/***/settings.py:195 DeprecationWarning: The sql_alchemy_conn option in [core] has been moved to the sql_alchemy_conn option in [database] - the old setting has been used, but please update your config.
[2025-12-07T23:14:32.174+0000] {task_command.py:416} INFO - Running <TaskInstance: s3_to_redis_data_pipeline.s3_to_redis_group.create_cities_redis_table manual__2025-12-07T23:14:25.904765+00:00 [running]> on host 0f9d3bc81df5
[2025-12-07T23:14:32.617+0000] {taskinstance.py:1662} INFO - Exporting env vars: AIRFLOW_CTX_DAG_EMAIL='harish.techlance@gmail.com' AIRFLOW_CTX_DAG_OWNER='***' AIRFLOW_CTX_DAG_ID='s3_to_redis_data_pipeline' AIRFLOW_CTX_TASK_ID='s3_to_redis_group.create_cities_redis_table' AIRFLOW_CTX_EXECUTION_DATE='2025-12-07T23:14:25.904765+00:00' AIRFLOW_CTX_TRY_NUMBER='1' AIRFLOW_CTX_DAG_RUN_ID='manual__2025-12-07T23:14:25.904765+00:00'
[2025-12-07T23:14:32.678+0000] {base.py:73} INFO - Using connection ID 'redis_postgres_conn_id' for task execution.
[2025-12-07T23:14:33.074+0000] {sql.py:418} INFO - Running statement: CREATE TABLE IF NOT EXISTS redis_data (
        City TEXT NOT NULL,	
        State TEXT NOT NULL,	
        Zip NUMERIC NOT NULL,
        Census_2020 NUMERIC NOT NULL
    );, parameters: None
[2025-12-07T23:14:33.197+0000] {logging_mixin.py:154} INFO - Created redis_data table successfully
[2025-12-07T23:14:33.198+0000] {python.py:194} INFO - Done. Returned value was: None
[2025-12-07T23:14:33.262+0000] {taskinstance.py:1400} INFO - Marking task as SUCCESS. dag_id=s3_to_redis_data_pipeline, task_id=s3_to_redis_group.create_cities_redis_table, execution_date=20251207T231425, start_date=20251207T231431, end_date=20251207T231433
[2025-12-07T23:14:33.378+0000] {local_task_job_runner.py:228} INFO - Task exited with return code 0
[2025-12-07T23:14:33.507+0000] {taskinstance.py:2778} INFO - 1 downstream tasks scheduled from follow-on schedule check
